18/09/24 (10:43:18) | ERROR: [Errno 2] No such file or directory: '/home/clix/.config/bpytop/themes'
Traceback (most recent call last):
  File "/usr/bin/bpytop", line 1357, in refresh
    for f in os.listdir(d):
FileNotFoundError: [Errno 2] No such file or directory: '/home/clix/.config/bpytop/themes'
18/09/24 (15:36:22) | ERROR: [Errno 2] No such file or directory: '/home/clix/.config/bpytop/themes'
Traceback (most recent call last):
  File "/usr/bin/bpytop", line 1357, in refresh
    for f in os.listdir(d):
FileNotFoundError: [Errno 2] No such file or directory: '/home/clix/.config/bpytop/themes'
22/09/24 (11:48:06) | ERROR: [Errno 2] No such file or directory: '/home/clix/.config/bpytop/themes'
Traceback (most recent call last):
  File "/usr/bin/bpytop", line 1357, in refresh
    for f in os.listdir(d):
FileNotFoundError: [Errno 2] No such file or directory: '/home/clix/.config/bpytop/themes'
24/09/24 (16:52:37) | ERROR: [Errno 2] No such file or directory: '/home/clix/.config/bpytop/themes'
Traceback (most recent call last):
  File "/usr/bin/bpytop", line 1357, in refresh
    for f in os.listdir(d):
FileNotFoundError: [Errno 2] No such file or directory: '/home/clix/.config/bpytop/themes'
26/09/24 (21:13:03) | ERROR: [Errno 2] No such file or directory: '/home/clix/.config/bpytop/themes'
Traceback (most recent call last):
  File "/usr/bin/bpytop", line 1357, in refresh
    for f in os.listdir(d):
FileNotFoundError: [Errno 2] No such file or directory: '/home/clix/.config/bpytop/themes'
09/10/24 (23:24:57) | ERROR: [Errno 2] No such file or directory: '/home/clix/.config/bpytop/themes'
Traceback (most recent call last):
  File "/usr/bin/bpytop", line 1357, in refresh
    for f in os.listdir(d):
FileNotFoundError: [Errno 2] No such file or directory: '/home/clix/.config/bpytop/themes'
